<?xml version="1.0" encoding="UTF-8"?>
<!-- Generated by org.testng.reporters.JUnitXMLReporter -->
<testsuite ignored="8" hostname="DESKTOP-KI9J8S8" failures="0" tests="3" name="Test" time="33.877" errors="0" timestamp="2023-01-05T11:13:49 IST">
  <testcase classname="TestCases.LoginPageTest" name="verifyLoginLogoTest" time="0.095"/>
  <testcase classname="TestCases.InventoryPagesTest" name="verifyPeekLogoTest" time="2.021"/>
  <testcase classname="TestCases.CartPageTest" name="verifyCartUrlTest" time="0.012"/>
  <testcase classname="TestCases.InventoryPagesTest" name="addProductTest" time="0.0">
    <ignored/>
  </testcase> <!-- addProductTest -->
  <testcase classname="TestCases.LoginPageTest" name="VerifyLoginPassword" time="0.0">
    <ignored/>
  </testcase> <!-- VerifyLoginPassword -->
  <testcase classname="TestCases.LoginPageTest" name="VerifyPassword" time="0.0">
    <ignored/>
  </testcase> <!-- VerifyPassword -->
  <testcase classname="TestCases.InventoryPagesTest" name="verifySwagBotlogoTest" time="0.0">
    <ignored/>
  </testcase> <!-- verifySwagBotlogoTest -->
  <testcase classname="TestCases.LoginPageTest" name="verifyLoginbotLogo" time="0.0">
    <ignored/>
  </testcase> <!-- verifyLoginbotLogo -->
  <testcase classname="TestCases.LoginPageTest" name="verifyUrlTest" time="0.0">
    <ignored/>
  </testcase> <!-- verifyUrlTest -->
  <testcase classname="TestCases.LoginPageTest" name="verifyTitleTest" time="0.0">
    <ignored/>
  </testcase> <!-- verifyTitleTest -->
  <testcase classname="TestCases.LoginPageTest" name="VerifyUsername" time="0.0">
    <ignored/>
  </testcase> <!-- VerifyUsername -->
</testsuite> <!-- Test -->
