<?xml version="1.0" encoding="UTF-8"?>
<testng-results ignored="0" total="1" passed="1" failed="0" skipped="0">
  <reporter-output>
  </reporter-output>
  <suite started-at="2023-01-09T18:35:50 IST" name="Default suite" finished-at="2023-01-09T18:36:06 IST" duration-ms="16379">
    <groups>
    </groups>
    <test started-at="2023-01-09T18:35:50 IST" name="Default test" finished-at="2023-01-09T18:36:06 IST" duration-ms="16379">
      <class name="TestCases.CartPageTest2">
        <test-method is-config="true" signature="setup()[pri:0, instance:TestCases.CartPageTest2@be35cd9]" started-at="2023-01-09T18:35:50 IST" name="setup" finished-at="2023-01-09T18:36:06 IST" duration-ms="15927" status="PASS">
          <reporter-output>
          </reporter-output>
        </test-method> <!-- setup -->
        <test-method signature="verifyCheckOutTitleTest()[pri:0, instance:TestCases.CartPageTest2@be35cd9]" started-at="2023-01-09T18:36:06 IST" name="verifyCheckOutTitleTest" finished-at="2023-01-09T18:36:06 IST" duration-ms="77" status="PASS">
          <reporter-output>
          </reporter-output>
        </test-method> <!-- verifyCheckOutTitleTest -->
        <test-method is-config="true" signature="closeBrowser()[pri:0, instance:TestCases.CartPageTest2@be35cd9]" started-at="2023-01-09T18:36:06 IST" name="closeBrowser" finished-at="2023-01-09T18:36:06 IST" duration-ms="312" status="PASS">
          <reporter-output>
          </reporter-output>
        </test-method> <!-- closeBrowser -->
      </class> <!-- TestCases.CartPageTest2 -->
    </test> <!-- Default test -->
  </suite> <!-- Default suite -->
</testng-results>
